<?xml version="1.0" encoding="UTF-8"?>
<!-- Generated by org.testng.reporters.JUnitReportReporter -->
<testsuite hostname="CR0032" name="com.cucumber.testng.examples.RunCukesByCompositionGrp1_Test4" tests="1" failures="0" timestamp="5 May 2016 22:26:44 GMT" time="36.221" errors="0">
  <testcase name="runCukes" time="36.221" classname="com.cucumber.testng.examples.RunCukesByCompositionGrp1_Test4"/>
</testsuite> <!-- com.cucumber.testng.examples.RunCukesByCompositionGrp1_Test4 -->
