<?xml version="1.0" encoding="UTF-8"?>
<!-- Generated by org.testng.reporters.JUnitReportReporter -->
<testsuite hostname="CR0032" name="com.cucumber.testng.examples.RunCukesByCompositionGrp1_Test3" tests="1" failures="0" timestamp="22 Apr 2016 19:58:50 GMT" time="0.348" errors="0">
  <testcase name="runCukes" time="0.348" classname="com.cucumber.testng.examples.RunCukesByCompositionGrp1_Test3"/>
</testsuite> <!-- com.cucumber.testng.examples.RunCukesByCompositionGrp1_Test3 -->
