<?xml version="1.0" encoding="UTF-8"?>
<!-- Generated by org.testng.reporters.JUnitReportReporter -->
<testsuite hostname="CR0032" name="com.cucumber.testng.examples.RunCukesByCompositionGrp1_Test3" tests="1" failures="0" timestamp="18 May 2016 15:38:28 GMT" time="0.457" errors="0">
  <testcase name="runCukes" time="0.457" classname="com.cucumber.testng.examples.RunCukesByCompositionGrp1_Test3"/>
</testsuite> <!-- com.cucumber.testng.examples.RunCukesByCompositionGrp1_Test3 -->
