<?xml version="1.0" encoding="UTF-8"?>
<!-- Generated by org.testng.reporters.JUnitReportReporter -->
<testsuite hostname="CR0032" name="com.cucumber.testng.examples.RunCukesByCompositionGrp1_Test4" tests="1" failures="0" timestamp="14 Jun 2016 20:49:47 GMT" time="40.620" errors="0">
  <testcase name="runCukes" time="40.620" classname="com.cucumber.testng.examples.RunCukesByCompositionGrp1_Test4"/>
</testsuite> <!-- com.cucumber.testng.examples.RunCukesByCompositionGrp1_Test4 -->
