<?xml version="1.0" encoding="UTF-8"?>
<!-- Generated by org.testng.reporters.JUnitReportReporter -->
<testsuite hostname="CR0032" name="com.cucumber.testng.examples.RunCukesByCompositionGrp1_Test3" tests="1" failures="0" timestamp="29 Mar 2016 22:50:45 GMT" time="21.205" errors="0">
  <testcase name="runCukes" time="21.205" classname="com.cucumber.testng.examples.RunCukesByCompositionGrp1_Test3"/>
</testsuite> <!-- com.cucumber.testng.examples.RunCukesByCompositionGrp1_Test3 -->
