<?xml version="1.0" encoding="UTF-8"?>
<!-- Generated by org.testng.reporters.JUnitReportReporter -->
<testsuite hostname="CR0032" name="com.cucumber.testng.examples.RunCukesByCompositionGrp1_Test4" tests="1" failures="0" timestamp="18 May 2016 15:38:28 GMT" time="141.995" errors="0">
  <testcase name="runCukes" time="141.995" classname="com.cucumber.testng.examples.RunCukesByCompositionGrp1_Test4"/>
</testsuite> <!-- com.cucumber.testng.examples.RunCukesByCompositionGrp1_Test4 -->
