<?xml version="1.0" encoding="UTF-8"?>
<!-- Generated by org.testng.reporters.JUnitReportReporter -->
<testsuite hostname="CR0032" name="com.cucumber.testng.examples.RunCukesByCompositionGrp1_Test1" tests="1" failures="0" timestamp="10 Mar 2016 15:08:48 GMT" time="26.015" errors="0">
  <testcase name="runCukes" time="26.015" classname="com.cucumber.testng.examples.RunCukesByCompositionGrp1_Test1"/>
</testsuite> <!-- com.cucumber.testng.examples.RunCukesByCompositionGrp1_Test1 -->
