<?xml version="1.0" encoding="UTF-8"?>
<!-- Generated by org.testng.reporters.JUnitReportReporter -->
<testsuite hostname="CR0032" name="com.cucumber.testng.examples.RunCukesByCompositionGrp1_Test3" tests="1" failures="0" timestamp="1 Jun 2016 21:25:28 GMT" time="33.627" errors="0">
  <testcase name="runCukes" time="33.627" classname="com.cucumber.testng.examples.RunCukesByCompositionGrp1_Test3"/>
</testsuite> <!-- com.cucumber.testng.examples.RunCukesByCompositionGrp1_Test3 -->
